<?xml version="1.0" encoding="UTF-8"?>
<!-- Generated by org.testng.reporters.JUnitReportReporter -->
<testsuite hostname="juanda-VivoBook-ASUSLaptop-X512FJ-X512FJ" failures="0" tests="1" name="ejecucion.EjecucionPagina" time="28.702" errors="0" timestamp="2021-04-14T19:54:27 COT" skipped="0">
  <testcase classname="ejecucion.EjecucionPagina" name="f" time="28.702"/>
  <system-out/>
</testsuite> <!-- ejecucion.EjecucionPagina -->
